build/outputs/logs/manifest-merger-debug-report.txt
-- Merging decision tree log ---
manifest
ADDED from src\main\AndroidManifest.xml:2:1-46:12
INJECTED from src\main\AndroidManifest.xml:2:1-46:12
INJECTED from src\main\AndroidManifest.xml:2:1-46:12
INJECTED from src\main\AndroidManifest.xml:2:1-46:12
INJECTED from src\main\AndroidManifest.xml:2:1-46:12
INJECTED from src\main\AndroidManifest.xml:2:1-46:12
INJECTED from src\main\AndroidManifest.xml:2:1-46:12
	package
		ADDED from src\main\AndroidManifest.xml:2:70-97
		INJECTED from src\main\AndroidManifest.xml
		INJECTED from src\main\AndroidManifest.xml
	android:versionName
		ADDED from src\main\AndroidManifest.xml:2:146-171
		INJECTED from src\main\AndroidManifest.xml
		INJECTED from src\main\AndroidManifest.xml
	xmlns:android
		ADDED from src\main\AndroidManifest.xml:2:11-69
	android:versionCode
		ADDED from src\main\AndroidManifest.xml:2:172-195
		INJECTED from src\main\AndroidManifest.xml
		INJECTED from src\main\AndroidManifest.xml
	android:installLocation
		ADDED from src\main\AndroidManifest.xml:2:196-236
	android:theme
		ADDED from src\main\AndroidManifest.xml:2:98-145
uses-sdk
ADDED from src\main\AndroidManifest.xml:3:3-72
INJECTED from src\main\AndroidManifest.xml:3:3-72
INJECTED from src\main\AndroidManifest.xml:3:3-72
	android:targetSdkVersion
		ADDED from src\main\AndroidManifest.xml:3:40-69
		INJECTED from src\main\AndroidManifest.xml
		INJECTED from src\main\AndroidManifest.xml
	android:minSdkVersion
		ADDED from src\main\AndroidManifest.xml:3:13-39
uses-feature#android.hardware.camera
ADDED from src\main\AndroidManifest.xml:4:3-58
	android:name
		ADDED from src\main\AndroidManifest.xml:4:17-55
supports-screens
ADDED from src\main\AndroidManifest.xml:5:3-163
	android:largeScreens
		ADDED from src\main\AndroidManifest.xml:5:78-105
	android:smallScreens
		ADDED from src\main\AndroidManifest.xml:5:21-48
	android:normalScreens
		ADDED from src\main\AndroidManifest.xml:5:49-77
	android:xlargeScreens
		ADDED from src\main\AndroidManifest.xml:5:106-134
	android:anyDensity
		ADDED from src\main\AndroidManifest.xml:5:135-160
uses-permission#android.permission.INTERNET
ADDED from src\main\AndroidManifest.xml:6:3-65
	android:name
		ADDED from src\main\AndroidManifest.xml:6:20-62
uses-permission#android.permission.CAMERA
ADDED from src\main\AndroidManifest.xml:7:3-63
	android:name
		ADDED from src\main\AndroidManifest.xml:7:20-60
uses-permission#android.permission.BLUETOOTH
ADDED from src\main\AndroidManifest.xml:8:3-66
	android:name
		ADDED from src\main\AndroidManifest.xml:8:20-63
uses-permission#android.permission.BLUETOOTH_ADMIN
ADDED from src\main\AndroidManifest.xml:9:3-72
	android:name
		ADDED from src\main\AndroidManifest.xml:9:20-69
uses-permission#android.permission.ACCESS_FINE_LOCATION
ADDED from src\main\AndroidManifest.xml:10:3-77
	android:name
		ADDED from src\main\AndroidManifest.xml:10:20-74
uses-permission#android.permission.ACCESS_COARSE_LOCATION
ADDED from src\main\AndroidManifest.xml:11:3-79
	android:name
		ADDED from src\main\AndroidManifest.xml:11:20-76
uses-permission#android.permission.ACCESS_NETWORK_STATE
ADDED from src\main\AndroidManifest.xml:12:3-77
	android:name
		ADDED from src\main\AndroidManifest.xml:12:20-74
uses-permission#android.permission.WRITE_EXTERNAL_STORAGE
ADDED from src\main\AndroidManifest.xml:13:3-79
	android:name
		ADDED from src\main\AndroidManifest.xml:13:20-76
application
ADDED from src\main\AndroidManifest.xml:14:3-39:17
	android:label
		ADDED from src\main\AndroidManifest.xml:14:50-82
	android:icon
		ADDED from src\main\AndroidManifest.xml:14:16-49
	android:banner
		ADDED from src\main\AndroidManifest.xml:14:164-201
	android:theme
		ADDED from src\main\AndroidManifest.xml:14:83-141
	android:isGame
		ADDED from src\main\AndroidManifest.xml:14:142-163
activity#com.XMU.assembled.UnityPlayerNativeActivity
ADDED from src\main\AndroidManifest.xml:15:5-22:16
	android:screenOrientation
		ADDED from src\main\AndroidManifest.xml:15:48-85
	android:label
		ADDED from src\main\AndroidManifest.xml:15:15-47
	android:launchMode
		ADDED from src\main\AndroidManifest.xml:15:86-117
	android:hardwareAccelerated
		ADDED from src\main\AndroidManifest.xml:15:300-335
	android:configChanges
		ADDED from src\main\AndroidManifest.xml:15:118-299
	android:name
		ADDED from src\main\AndroidManifest.xml:15:336-394
intent-filter#android.intent.action.MAIN+android.intent.category.LAUNCHER
ADDED from src\main\AndroidManifest.xml:16:7-19:23
action#android.intent.action.MAIN
ADDED from src\main\AndroidManifest.xml:17:9-61
	android:name
		ADDED from src\main\AndroidManifest.xml:17:17-58
category#android.intent.category.LAUNCHER
ADDED from src\main\AndroidManifest.xml:18:9-69
	android:name
		ADDED from src\main\AndroidManifest.xml:18:19-66
meta-data#unityplayer.UnityActivity
ADDED from src\main\AndroidManifest.xml:20:7-82
	android:value
		ADDED from src\main\AndroidManifest.xml:20:59-79
	android:name
		ADDED from src\main\AndroidManifest.xml:20:18-58
meta-data#unityplayer.ForwardNativeEventsToDalvik
ADDED from src\main\AndroidManifest.xml:21:7-97
	android:value
		ADDED from src\main\AndroidManifest.xml:21:73-94
	android:name
		ADDED from src\main\AndroidManifest.xml:21:18-72
activity#com.unity3d.player.VideoPlayer
ADDED from src\main\AndroidManifest.xml:23:5-24:16
	android:screenOrientation
		ADDED from src\main\AndroidManifest.xml:23:94-130
	android:label
		ADDED from src\main\AndroidManifest.xml:23:61-93
	android:configChanges
		ADDED from src\main\AndroidManifest.xml:23:131-288
	android:name
		ADDED from src\main\AndroidManifest.xml:23:15-60
uses-library#com.ti.s3d
ADDED from src\main\AndroidManifest.xml:30:5-72
	android:required
		ADDED from src\main\AndroidManifest.xml:30:45-69
	android:name
		ADDED from src\main\AndroidManifest.xml:30:19-44
uses-library#com.osterhoutgroup.api.ext
ADDED from src\main\AndroidManifest.xml:34:5-88
	android:required
		ADDED from src\main\AndroidManifest.xml:34:61-85
	android:name
		ADDED from src\main\AndroidManifest.xml:34:19-60
meta-data#unity.build-id
ADDED from src\main\AndroidManifest.xml:35:5-101
	android:value
		ADDED from src\main\AndroidManifest.xml:35:46-98
	android:name
		ADDED from src\main\AndroidManifest.xml:35:16-45
meta-data#unity.splash-mode
ADDED from src\main\AndroidManifest.xml:36:5-69
	android:value
		ADDED from src\main\AndroidManifest.xml:36:49-66
	android:name
		ADDED from src\main\AndroidManifest.xml:36:16-48
meta-data#unity.splash-enable
ADDED from src\main\AndroidManifest.xml:37:5-74
	android:value
		ADDED from src\main\AndroidManifest.xml:37:51-71
	android:name
		ADDED from src\main\AndroidManifest.xml:37:16-50
meta-data#android.max_aspect
ADDED from src\main\AndroidManifest.xml:38:5-72
	android:value
		ADDED from src\main\AndroidManifest.xml:38:50-69
	android:name
		ADDED from src\main\AndroidManifest.xml:38:16-49
uses-feature#0x00020000
ADDED from src\main\AndroidManifest.xml:40:3-52
	android:glEsVersion
		ADDED from src\main\AndroidManifest.xml:40:17-49
uses-feature#android.hardware.camera.autofocus
ADDED from src\main\AndroidManifest.xml:41:3-93
	android:required
		ADDED from src\main\AndroidManifest.xml:41:66-90
	android:name
		ADDED from src\main\AndroidManifest.xml:41:17-65
uses-feature#android.hardware.camera.front
ADDED from src\main\AndroidManifest.xml:42:3-89
	android:required
		ADDED from src\main\AndroidManifest.xml:42:62-86
	android:name
		ADDED from src\main\AndroidManifest.xml:42:17-61
uses-feature#android.hardware.touchscreen
ADDED from src\main\AndroidManifest.xml:43:3-88
	android:required
		ADDED from src\main\AndroidManifest.xml:43:61-85
	android:name
		ADDED from src\main\AndroidManifest.xml:43:17-60
uses-feature#android.hardware.touchscreen.multitouch
ADDED from src\main\AndroidManifest.xml:44:3-99
	android:required
		ADDED from src\main\AndroidManifest.xml:44:72-96
	android:name
		ADDED from src\main\AndroidManifest.xml:44:17-71
uses-feature#android.hardware.touchscreen.multitouch.distinct
ADDED from src\main\AndroidManifest.xml:45:3-108
	android:required
		ADDED from src\main\AndroidManifest.xml:45:81-105
	android:name
		ADDED from src\main\AndroidManifest.xml:45:17-80